<?xml version="1.0" encoding="UTF-8"?>
<Site BuildName="(empty)"
	BuildStamp="20260329-1750-Experimental"
	Name="e24245bc67b4"
	Generator="ctest-3.22.1"
	CompilerName="/usr/bin/c++"
	CompilerVersion="11.4.0"
	OSName="Linux"
	Hostname="e24245bc67b4"
	OSRelease="6.6.87.2-microsoft-standard-WSL2"
	OSVersion="#1 SMP PREEMPT_DYNAMIC Thu Jun  5 18:30:46 UTC 2025"
	OSPlatform="x86_64"
	Is64Bits="1"
	VendorString="GenuineIntel"
	VendorID="Intel Corporation"
	FamilyID="6"
	ModelID="154"
	ProcessorCacheSize="24576"
	NumberOfLogicalCPU="16"
	NumberOfPhysicalCPU="8"
	TotalVirtualMemory="4096"
	TotalPhysicalMemory="15858"
	LogicalProcessorsPerPhysical="2"
	ProcessorClockFrequency="2688"
	>
	<Testing>
		<StartDateTime>Mar 29 17:50 UTC</StartDateTime>
		<StartTestTime>1774806644</StartTestTime>
		<TestList>
			<Test>./test_robot_driver</Test>
			<Test>./test_world_manager</Test>
			<Test>./cppcheck</Test>
			<Test>./flake8</Test>
			<Test>./lint_cmake</Test>
			<Test>./pep257</Test>
			<Test>./uncrustify</Test>
			<Test>./xmllint</Test>
		</TestList>
		<Test Status="passed">
			<Name>test_robot_driver</Name>
			<Path>.</Path>
			<FullName>./test_robot_driver</FullName>
			<FullCommandLine>/usr/bin/python3 "-u" "/opt/ros/humble/share/ament_cmake_test/cmake/run_test.py" "/root/workspace/rl-navibot/build/robot_world/test_results/robot_world/test_robot_driver.gtest.xml" "--package-name" "robot_world" "--output-file" "/root/workspace/rl-navibot/build/robot_world/ament_cmake_gtest/test_robot_driver.txt" "--command" "/root/workspace/rl-navibot/build/robot_world/test_robot_driver" "--gtest_output=xml:/root/workspace/rl-navibot/build/robot_world/test_results/robot_world/test_robot_driver.gtest.xml"</FullCommandLine>
			<Results>
				<NamedMeasurement type="numeric/double" name="Execution Time">
					<Value>3.04289</Value>
				</NamedMeasurement>
				<NamedMeasurement type="numeric/double" name="Processors">
					<Value>1</Value>
				</NamedMeasurement>
				<NamedMeasurement type="text/string" name="Completion Status">
					<Value>Completed</Value>
				</NamedMeasurement>
				<NamedMeasurement type="text/string" name="Command Line">
					<Value>/usr/bin/python3 "-u" "/opt/ros/humble/share/ament_cmake_test/cmake/run_test.py" "/root/workspace/rl-navibot/build/robot_world/test_results/robot_world/test_robot_driver.gtest.xml" "--package-name" "robot_world" "--output-file" "/root/workspace/rl-navibot/build/robot_world/ament_cmake_gtest/test_robot_driver.txt" "--command" "/root/workspace/rl-navibot/build/robot_world/test_robot_driver" "--gtest_output=xml:/root/workspace/rl-navibot/build/robot_world/test_results/robot_world/test_robot_driver.gtest.xml"</Value>
				</NamedMeasurement>
				<NamedMeasurement type="text/string" name="Environment">
					<Value>#CTEST_RESOURCE_GROUP_COUNT=</Value>
				</NamedMeasurement>
				<Measurement>
					<Value>-- run_test.py: invoking following command in '/root/workspace/rl-navibot/build/robot_world':
 - /root/workspace/rl-navibot/build/robot_world/test_robot_driver --gtest_output=xml:/root/workspace/rl-navibot/build/robot_world/test_results/robot_world/test_robot_driver.gtest.xml
Running main() from /opt/ros/humble/src/gtest_vendor/src/gtest_main.cc
[==========] Running 3 tests from 1 test suite.
[----------] Global test environment set-up.
[----------] 3 tests from RobotDriverTest
[ RUN      ] RobotDriverTest.TestNormalPassThrough
[INFO] [1774806644.627301346] [robot_driver]: Robot Driver Initialized.
[       OK ] RobotDriverTest.TestNormalPassThrough (2144 ms)
[ RUN      ] RobotDriverTest.TestCollisionStop
[INFO] [1774806646.752418985] [robot_driver]: Robot Driver Initialized.
[       OK ] RobotDriverTest.TestCollisionStop (918 ms)
[ RUN      ] RobotDriverTest.TestStatePublishing
[INFO] [1774806647.670510380] [robot_driver]: Robot Driver Initialized.
[INFO] [1774806648.374516140] [robot_driver]: New Goal Received: (5.00, 5.00)
[       OK ] RobotDriverTest.TestStatePublishing (914 ms)
[----------] 3 tests from RobotDriverTest (3977 ms total)

[----------] Global test environment tear-down
[==========] 3 tests from 1 test suite ran. (3977 ms total)
[  PASSED  ] 3 tests.
-- run_test.py: return code 0
-- run_test.py: inject classname prefix into gtest result file '/root/workspace/rl-navibot/build/robot_world/test_results/robot_world/test_robot_driver.gtest.xml'
-- run_test.py: verify result file '/root/workspace/rl-navibot/build/robot_world/test_results/robot_world/test_robot_driver.gtest.xml'
</Value>
				</Measurement>
			</Results>
			<Labels>
				<Label>gtest</Label>
			</Labels>
		</Test>
		<Test Status="passed">
			<Name>test_world_manager</Name>
			<Path>.</Path>
			<FullName>./test_world_manager</FullName>
			<FullCommandLine>/usr/bin/python3 "-u" "/opt/ros/humble/share/ament_cmake_test/cmake/run_test.py" "/root/workspace/rl-navibot/build/robot_world/test_results/robot_world/test_world_manager.gtest.xml" "--package-name" "robot_world" "--output-file" "/root/workspace/rl-navibot/build/robot_world/ament_cmake_gtest/test_world_manager.txt" "--command" "/root/workspace/rl-navibot/build/robot_world/test_world_manager" "--gtest_output=xml:/root/workspace/rl-navibot/build/robot_world/test_results/robot_world/test_world_manager.gtest.xml"</FullCommandLine>
			<Results>
				<NamedMeasurement type="numeric/double" name="Execution Time">
					<Value>0.295076</Value>
				</NamedMeasurement>
				<NamedMeasurement type="numeric/double" name="Processors">
					<Value>1</Value>
				</NamedMeasurement>
				<NamedMeasurement type="text/string" name="Completion Status">
					<Value>Completed</Value>
				</NamedMeasurement>
				<NamedMeasurement type="text/string" name="Command Line">
					<Value>/usr/bin/python3 "-u" "/opt/ros/humble/share/ament_cmake_test/cmake/run_test.py" "/root/workspace/rl-navibot/build/robot_world/test_results/robot_world/test_world_manager.gtest.xml" "--package-name" "robot_world" "--output-file" "/root/workspace/rl-navibot/build/robot_world/ament_cmake_gtest/test_world_manager.txt" "--command" "/root/workspace/rl-navibot/build/robot_world/test_world_manager" "--gtest_output=xml:/root/workspace/rl-navibot/build/robot_world/test_results/robot_world/test_world_manager.gtest.xml"</Value>
				</NamedMeasurement>
				<NamedMeasurement type="text/string" name="Environment">
					<Value>#CTEST_RESOURCE_GROUP_COUNT=</Value>
				</NamedMeasurement>
				<Measurement>
					<Value>-- run_test.py: invoking following command in '/root/workspace/rl-navibot/build/robot_world':
 - /root/workspace/rl-navibot/build/robot_world/test_world_manager --gtest_output=xml:/root/workspace/rl-navibot/build/robot_world/test_results/robot_world/test_world_manager.gtest.xml
Running main() from /opt/ros/humble/src/gtest_vendor/src/gtest_main.cc
[==========] Running 2 tests from 1 test suite.
[----------] Global test environment set-up.
[----------] 2 tests from WorldManagerTest
[ RUN      ] WorldManagerTest.TestResetServiceCall
[INFO] [1774806648.755433977] [world_manager]: World Manager Initialized.
[       OK ] WorldManagerTest.TestResetServiceCall (74 ms)
[ RUN      ] WorldManagerTest.TestParameterPassing
[INFO] [1774806648.818305369] [world_manager]: World Manager Initialized.
[       OK ] WorldManagerTest.TestParameterPassing (62 ms)
[----------] 2 tests from WorldManagerTest (136 ms total)

[----------] Global test environment tear-down
[==========] 2 tests from 1 test suite ran. (136 ms total)
[  PASSED  ] 2 tests.
-- run_test.py: return code 0
-- run_test.py: inject classname prefix into gtest result file '/root/workspace/rl-navibot/build/robot_world/test_results/robot_world/test_world_manager.gtest.xml'
-- run_test.py: verify result file '/root/workspace/rl-navibot/build/robot_world/test_results/robot_world/test_world_manager.gtest.xml'
</Value>
				</Measurement>
			</Results>
			<Labels>
				<Label>gtest</Label>
			</Labels>
		</Test>
		<Test Status="passed">
			<Name>cppcheck</Name>
			<Path>.</Path>
			<FullName>./cppcheck</FullName>
			<FullCommandLine>/usr/bin/python3 "-u" "/opt/ros/humble/share/ament_cmake_test/cmake/run_test.py" "/root/workspace/rl-navibot/build/robot_world/test_results/robot_world/cppcheck.xunit.xml" "--package-name" "robot_world" "--output-file" "/root/workspace/rl-navibot/build/robot_world/ament_cppcheck/cppcheck.txt" "--command" "/opt/ros/humble/bin/ament_cppcheck" "--xunit-file" "/root/workspace/rl-navibot/build/robot_world/test_results/robot_world/cppcheck.xunit.xml" "--include_dirs" "/root/workspace/rl-navibot/src/execution/robot_world/include"</FullCommandLine>
			<Results>
				<NamedMeasurement type="numeric/double" name="Execution Time">
					<Value>0.148927</Value>
				</NamedMeasurement>
				<NamedMeasurement type="numeric/double" name="Processors">
					<Value>1</Value>
				</NamedMeasurement>
				<NamedMeasurement type="text/string" name="Completion Status">
					<Value>Completed</Value>
				</NamedMeasurement>
				<NamedMeasurement type="text/string" name="Command Line">
					<Value>/usr/bin/python3 "-u" "/opt/ros/humble/share/ament_cmake_test/cmake/run_test.py" "/root/workspace/rl-navibot/build/robot_world/test_results/robot_world/cppcheck.xunit.xml" "--package-name" "robot_world" "--output-file" "/root/workspace/rl-navibot/build/robot_world/ament_cppcheck/cppcheck.txt" "--command" "/opt/ros/humble/bin/ament_cppcheck" "--xunit-file" "/root/workspace/rl-navibot/build/robot_world/test_results/robot_world/cppcheck.xunit.xml" "--include_dirs" "/root/workspace/rl-navibot/src/execution/robot_world/include"</Value>
				</NamedMeasurement>
				<NamedMeasurement type="text/string" name="Environment">
					<Value>#CTEST_RESOURCE_GROUP_COUNT=</Value>
				</NamedMeasurement>
				<Measurement>
					<Value>-- run_test.py: invoking following command in '/root/workspace/rl-navibot/src/execution/robot_world':
 - /opt/ros/humble/bin/ament_cppcheck --xunit-file /root/workspace/rl-navibot/build/robot_world/test_results/robot_world/cppcheck.xunit.xml --include_dirs /root/workspace/rl-navibot/src/execution/robot_world/include
cppcheck 2.7 has known performance issues and therefore will not be used, set the AMENT_CPPCHECK_ALLOW_SLOW_VERSIONS environment variable to override this.
-- run_test.py: return code 0
-- run_test.py: verify result file '/root/workspace/rl-navibot/build/robot_world/test_results/robot_world/cppcheck.xunit.xml'
</Value>
				</Measurement>
			</Results>
			<Labels>
				<Label>cppcheck</Label>
				<Label>linter</Label>
			</Labels>
		</Test>
		<Test Status="passed">
			<Name>flake8</Name>
			<Path>.</Path>
			<FullName>./flake8</FullName>
			<FullCommandLine>/usr/bin/python3 "-u" "/opt/ros/humble/share/ament_cmake_test/cmake/run_test.py" "/root/workspace/rl-navibot/build/robot_world/test_results/robot_world/flake8.xunit.xml" "--package-name" "robot_world" "--output-file" "/root/workspace/rl-navibot/build/robot_world/ament_flake8/flake8.txt" "--command" "/opt/ros/humble/bin/ament_flake8" "--xunit-file" "/root/workspace/rl-navibot/build/robot_world/test_results/robot_world/flake8.xunit.xml"</FullCommandLine>
			<Results>
				<NamedMeasurement type="numeric/double" name="Execution Time">
					<Value>0.261388</Value>
				</NamedMeasurement>
				<NamedMeasurement type="numeric/double" name="Processors">
					<Value>1</Value>
				</NamedMeasurement>
				<NamedMeasurement type="text/string" name="Completion Status">
					<Value>Completed</Value>
				</NamedMeasurement>
				<NamedMeasurement type="text/string" name="Command Line">
					<Value>/usr/bin/python3 "-u" "/opt/ros/humble/share/ament_cmake_test/cmake/run_test.py" "/root/workspace/rl-navibot/build/robot_world/test_results/robot_world/flake8.xunit.xml" "--package-name" "robot_world" "--output-file" "/root/workspace/rl-navibot/build/robot_world/ament_flake8/flake8.txt" "--command" "/opt/ros/humble/bin/ament_flake8" "--xunit-file" "/root/workspace/rl-navibot/build/robot_world/test_results/robot_world/flake8.xunit.xml"</Value>
				</NamedMeasurement>
				<NamedMeasurement type="text/string" name="Environment">
					<Value>#CTEST_RESOURCE_GROUP_COUNT=</Value>
				</NamedMeasurement>
				<Measurement>
					<Value>-- run_test.py: invoking following command in '/root/workspace/rl-navibot/src/execution/robot_world':
 - /opt/ros/humble/bin/ament_flake8 --xunit-file /root/workspace/rl-navibot/build/robot_world/test_results/robot_world/flake8.xunit.xml

2 files checked
No problems found

Checked files:

* ./launch/multi_robot.launch.py
* ./launch/bot_world_sim.launch.py
-- run_test.py: return code 0
-- run_test.py: verify result file '/root/workspace/rl-navibot/build/robot_world/test_results/robot_world/flake8.xunit.xml'
</Value>
				</Measurement>
			</Results>
			<Labels>
				<Label>flake8</Label>
				<Label>linter</Label>
			</Labels>
		</Test>
		<Test Status="passed">
			<Name>lint_cmake</Name>
			<Path>.</Path>
			<FullName>./lint_cmake</FullName>
			<FullCommandLine>/usr/bin/python3 "-u" "/opt/ros/humble/share/ament_cmake_test/cmake/run_test.py" "/root/workspace/rl-navibot/build/robot_world/test_results/robot_world/lint_cmake.xunit.xml" "--package-name" "robot_world" "--output-file" "/root/workspace/rl-navibot/build/robot_world/ament_lint_cmake/lint_cmake.txt" "--command" "/opt/ros/humble/bin/ament_lint_cmake" "--xunit-file" "/root/workspace/rl-navibot/build/robot_world/test_results/robot_world/lint_cmake.xunit.xml"</FullCommandLine>
			<Results>
				<NamedMeasurement type="numeric/double" name="Execution Time">
					<Value>0.174724</Value>
				</NamedMeasurement>
				<NamedMeasurement type="numeric/double" name="Processors">
					<Value>1</Value>
				</NamedMeasurement>
				<NamedMeasurement type="text/string" name="Completion Status">
					<Value>Completed</Value>
				</NamedMeasurement>
				<NamedMeasurement type="text/string" name="Command Line">
					<Value>/usr/bin/python3 "-u" "/opt/ros/humble/share/ament_cmake_test/cmake/run_test.py" "/root/workspace/rl-navibot/build/robot_world/test_results/robot_world/lint_cmake.xunit.xml" "--package-name" "robot_world" "--output-file" "/root/workspace/rl-navibot/build/robot_world/ament_lint_cmake/lint_cmake.txt" "--command" "/opt/ros/humble/bin/ament_lint_cmake" "--xunit-file" "/root/workspace/rl-navibot/build/robot_world/test_results/robot_world/lint_cmake.xunit.xml"</Value>
				</NamedMeasurement>
				<NamedMeasurement type="text/string" name="Environment">
					<Value>#CTEST_RESOURCE_GROUP_COUNT=</Value>
				</NamedMeasurement>
				<Measurement>
					<Value>-- run_test.py: invoking following command in '/root/workspace/rl-navibot/src/execution/robot_world':
 - /opt/ros/humble/bin/ament_lint_cmake --xunit-file /root/workspace/rl-navibot/build/robot_world/test_results/robot_world/lint_cmake.xunit.xml

No problems found
-- run_test.py: return code 0
-- run_test.py: verify result file '/root/workspace/rl-navibot/build/robot_world/test_results/robot_world/lint_cmake.xunit.xml'
</Value>
				</Measurement>
			</Results>
			<Labels>
				<Label>lint_cmake</Label>
				<Label>linter</Label>
			</Labels>
		</Test>
		<Test Status="passed">
			<Name>pep257</Name>
			<Path>.</Path>
			<FullName>./pep257</FullName>
			<FullCommandLine>/usr/bin/python3 "-u" "/opt/ros/humble/share/ament_cmake_test/cmake/run_test.py" "/root/workspace/rl-navibot/build/robot_world/test_results/robot_world/pep257.xunit.xml" "--package-name" "robot_world" "--output-file" "/root/workspace/rl-navibot/build/robot_world/ament_pep257/pep257.txt" "--command" "/opt/ros/humble/bin/ament_pep257" "--xunit-file" "/root/workspace/rl-navibot/build/robot_world/test_results/robot_world/pep257.xunit.xml"</FullCommandLine>
			<Results>
				<NamedMeasurement type="numeric/double" name="Execution Time">
					<Value>0.188608</Value>
				</NamedMeasurement>
				<NamedMeasurement type="numeric/double" name="Processors">
					<Value>1</Value>
				</NamedMeasurement>
				<NamedMeasurement type="text/string" name="Completion Status">
					<Value>Completed</Value>
				</NamedMeasurement>
				<NamedMeasurement type="text/string" name="Command Line">
					<Value>/usr/bin/python3 "-u" "/opt/ros/humble/share/ament_cmake_test/cmake/run_test.py" "/root/workspace/rl-navibot/build/robot_world/test_results/robot_world/pep257.xunit.xml" "--package-name" "robot_world" "--output-file" "/root/workspace/rl-navibot/build/robot_world/ament_pep257/pep257.txt" "--command" "/opt/ros/humble/bin/ament_pep257" "--xunit-file" "/root/workspace/rl-navibot/build/robot_world/test_results/robot_world/pep257.xunit.xml"</Value>
				</NamedMeasurement>
				<NamedMeasurement type="text/string" name="Environment">
					<Value>#CTEST_RESOURCE_GROUP_COUNT=</Value>
				</NamedMeasurement>
				<Measurement>
					<Value>-- run_test.py: invoking following command in '/root/workspace/rl-navibot/src/execution/robot_world':
 - /opt/ros/humble/bin/ament_pep257 --xunit-file /root/workspace/rl-navibot/build/robot_world/test_results/robot_world/pep257.xunit.xml
checking ./launch/bot_world_sim.launch.py
checking ./launch/multi_robot.launch.py
No problems found
-- run_test.py: return code 0
-- run_test.py: verify result file '/root/workspace/rl-navibot/build/robot_world/test_results/robot_world/pep257.xunit.xml'
</Value>
				</Measurement>
			</Results>
			<Labels>
				<Label>linter</Label>
				<Label>pep257</Label>
			</Labels>
		</Test>
		<Test Status="failed">
			<Name>uncrustify</Name>
			<Path>.</Path>
			<FullName>./uncrustify</FullName>
			<FullCommandLine>/usr/bin/python3 "-u" "/opt/ros/humble/share/ament_cmake_test/cmake/run_test.py" "/root/workspace/rl-navibot/build/robot_world/test_results/robot_world/uncrustify.xunit.xml" "--package-name" "robot_world" "--output-file" "/root/workspace/rl-navibot/build/robot_world/ament_uncrustify/uncrustify.txt" "--command" "/opt/ros/humble/bin/ament_uncrustify" "--xunit-file" "/root/workspace/rl-navibot/build/robot_world/test_results/robot_world/uncrustify.xunit.xml"</FullCommandLine>
			<Results>
				<NamedMeasurement type="text/string" name="Exit Code">
					<Value>Failed</Value>
				</NamedMeasurement>
				<NamedMeasurement type="text/string" name="Exit Value">
					<Value>1</Value>
				</NamedMeasurement>
				<NamedMeasurement type="numeric/double" name="Execution Time">
					<Value>0.17394</Value>
				</NamedMeasurement>
				<NamedMeasurement type="numeric/double" name="Processors">
					<Value>1</Value>
				</NamedMeasurement>
				<NamedMeasurement type="text/string" name="Completion Status">
					<Value>Completed</Value>
				</NamedMeasurement>
				<NamedMeasurement type="text/string" name="Command Line">
					<Value>/usr/bin/python3 "-u" "/opt/ros/humble/share/ament_cmake_test/cmake/run_test.py" "/root/workspace/rl-navibot/build/robot_world/test_results/robot_world/uncrustify.xunit.xml" "--package-name" "robot_world" "--output-file" "/root/workspace/rl-navibot/build/robot_world/ament_uncrustify/uncrustify.txt" "--command" "/opt/ros/humble/bin/ament_uncrustify" "--xunit-file" "/root/workspace/rl-navibot/build/robot_world/test_results/robot_world/uncrustify.xunit.xml"</Value>
				</NamedMeasurement>
				<NamedMeasurement type="text/string" name="Environment">
					<Value>#CTEST_RESOURCE_GROUP_COUNT=</Value>
				</NamedMeasurement>
				<Measurement>
					<Value>-- run_test.py: invoking following command in '/root/workspace/rl-navibot/src/execution/robot_world':
 - /opt/ros/humble/bin/ament_uncrustify --xunit-file /root/workspace/rl-navibot/build/robot_world/test_results/robot_world/uncrustify.xunit.xml
Code style divergence in file 'test/test_robot_driver.cpp':

--- test/test_robot_driver.cpp
+++ test/test_robot_driver.cpp.uncrustify
@@ -21 +21 @@
-    
+
@@ -41 +41 @@
-      
+
@@ -64 +64 @@
-    std::this_thread::sleep_for(std::chrono::milliseconds(100)); 
+    std::this_thread::sleep_for(std::chrono::milliseconds(100));
@@ -70 +70 @@
-  
+
@@ -75 +75 @@
-  
+
@@ -93 +93 @@
-  
+
@@ -95 +95 @@
-  spin_some(); 
+  spin_some();
@@ -106 +106 @@
-  
+
@@ -109 +109 @@
-    
+
@@ -113,2 +113,3 @@
-      if (std::abs(last_cmd_vel_.linear.x - 0.5) &lt; 0.01 &amp;&amp; 
-          std::abs(last_cmd_vel_.angular.z - 0.1) &lt; 0.01) {
+      if (std::abs(last_cmd_vel_.linear.x - 0.5) &lt; 0.01 &amp;&amp;
+        std::abs(last_cmd_vel_.angular.z - 0.1) &lt; 0.01)
+      {
@@ -123 +124,2 @@
-  ASSERT_TRUE(success) &lt;&lt; "Did not receive cmd_vel with x=0.5. Last received x: " &lt;&lt; last_cmd_vel_.linear.x;
+  ASSERT_TRUE(success) &lt;&lt; "Did not receive cmd_vel with x=0.5. Last received x: " &lt;&lt;
+    last_cmd_vel_.linear.x;
@@ -125,2 +126,0 @@
-
-
@@ -143 +143 @@
-  cmd.linear.x = 0.5; 
+  cmd.linear.x = 0.5;
@@ -165 +165 @@
-  odom.pose.pose.orientation.w = 1.0; 
+  odom.pose.pose.orientation.w = 1.0;
@@ -167 +167 @@
-  
+
@@ -171 +171 @@
-  goal.pose.position.y = 5.0; 
+  goal.pose.position.y = 5.0;
@@ -173 +173 @@
-  
+
@@ -184 +184 @@
-  
+
@@ -190 +189,0 @@
-
@@ -202 +201 @@
-// // #include "robot_driver_pkg/robot_driver.hpp" 
+// // #include "robot_driver_pkg/robot_driver.hpp"
@@ -213 +212 @@
-    
+
@@ -233 +232 @@
-      
+
@@ -258 +257 @@
-  
+
@@ -264 +263 @@
-  
+
@@ -343 +342 @@
-  
+
@@ -349 +348 @@
-  
+
@@ -363 +362 @@
-  
+
@@ -365 +364 @@
-//   EXPECT_NEAR(last_state_.data[5], 2.0, 0.01); 
+//   EXPECT_NEAR(last_state_.data[5], 2.0, 0.01);

1 files with code style divergence
No code style divergence in file 'include/robot_world/robot_driver.hpp'

No code style divergence in file 'include/robot_world/world_manager.hpp'

No code style divergence in file 'src/robot_driver.cpp'

No code style divergence in file 'src/robot_driver_main.cpp'

No code style divergence in file 'src/world_manager.cpp'

No code style divergence in file 'src/world_manager_main.cpp'

No code style divergence in file 'test/test_world_manager.cpp'

-- run_test.py: return code 1
-- run_test.py: verify result file '/root/workspace/rl-navibot/build/robot_world/test_results/robot_world/uncrustify.xunit.xml'
</Value>
				</Measurement>
			</Results>
			<Labels>
				<Label>linter</Label>
				<Label>uncrustify</Label>
			</Labels>
		</Test>
		<Test Status="passed">
			<Name>xmllint</Name>
			<Path>.</Path>
			<FullName>./xmllint</FullName>
			<FullCommandLine>/usr/bin/python3 "-u" "/opt/ros/humble/share/ament_cmake_test/cmake/run_test.py" "/root/workspace/rl-navibot/build/robot_world/test_results/robot_world/xmllint.xunit.xml" "--package-name" "robot_world" "--output-file" "/root/workspace/rl-navibot/build/robot_world/ament_xmllint/xmllint.txt" "--command" "/opt/ros/humble/bin/ament_xmllint" "--xunit-file" "/root/workspace/rl-navibot/build/robot_world/test_results/robot_world/xmllint.xunit.xml"</FullCommandLine>
			<Results>
				<NamedMeasurement type="numeric/double" name="Execution Time">
					<Value>2.92964</Value>
				</NamedMeasurement>
				<NamedMeasurement type="numeric/double" name="Processors">
					<Value>1</Value>
				</NamedMeasurement>
				<NamedMeasurement type="text/string" name="Completion Status">
					<Value>Completed</Value>
				</NamedMeasurement>
				<NamedMeasurement type="text/string" name="Command Line">
					<Value>/usr/bin/python3 "-u" "/opt/ros/humble/share/ament_cmake_test/cmake/run_test.py" "/root/workspace/rl-navibot/build/robot_world/test_results/robot_world/xmllint.xunit.xml" "--package-name" "robot_world" "--output-file" "/root/workspace/rl-navibot/build/robot_world/ament_xmllint/xmllint.txt" "--command" "/opt/ros/humble/bin/ament_xmllint" "--xunit-file" "/root/workspace/rl-navibot/build/robot_world/test_results/robot_world/xmllint.xunit.xml"</Value>
				</NamedMeasurement>
				<NamedMeasurement type="text/string" name="Environment">
					<Value>#CTEST_RESOURCE_GROUP_COUNT=</Value>
				</NamedMeasurement>
				<Measurement>
					<Value>-- run_test.py: invoking following command in '/root/workspace/rl-navibot/src/execution/robot_world':
 - /opt/ros/humble/bin/ament_xmllint --xunit-file /root/workspace/rl-navibot/build/robot_world/test_results/robot_world/xmllint.xunit.xml
File 'package.xml' is valid

No problems found
-- run_test.py: return code 0
-- run_test.py: verify result file '/root/workspace/rl-navibot/build/robot_world/test_results/robot_world/xmllint.xunit.xml'
</Value>
				</Measurement>
			</Results>
			<Labels>
				<Label>linter</Label>
				<Label>xmllint</Label>
			</Labels>
		</Test>
		<EndDateTime>Mar 29 17:50 UTC</EndDateTime>
		<EndTestTime>1774806652</EndTestTime>
		<ElapsedMinutes>0</ElapsedMinutes>
	</Testing>
</Site>
