<?xml version="1.0" encoding="UTF-8"?>
<Site BuildName="(empty)"
	BuildStamp="20260329-1739-Experimental"
	Name="e24245bc67b4"
	Generator="ctest-3.22.1"
	CompilerName="/usr/bin/c++"
	CompilerVersion="11.4.0"
	OSName="Linux"
	Hostname="e24245bc67b4"
	OSRelease="6.6.87.2-microsoft-standard-WSL2"
	OSVersion="#1 SMP PREEMPT_DYNAMIC Thu Jun  5 18:30:46 UTC 2025"
	OSPlatform="x86_64"
	Is64Bits="1"
	VendorString="GenuineIntel"
	VendorID="Intel Corporation"
	FamilyID="6"
	ModelID="154"
	ProcessorCacheSize="24576"
	NumberOfLogicalCPU="16"
	NumberOfPhysicalCPU="8"
	TotalVirtualMemory="4096"
	TotalPhysicalMemory="15858"
	LogicalProcessorsPerPhysical="2"
	ProcessorClockFrequency="2688"
	>
	<Testing>
		<StartDateTime>Mar 29 17:39 UTC</StartDateTime>
		<StartTestTime>1774805956</StartTestTime>
		<TestList>
			<Test>./test_robot_driver</Test>
			<Test>./test_world_manager</Test>
			<Test>./cppcheck</Test>
			<Test>./flake8</Test>
			<Test>./lint_cmake</Test>
			<Test>./pep257</Test>
			<Test>./uncrustify</Test>
			<Test>./xmllint</Test>
		</TestList>
		<Test Status="failed">
			<Name>test_robot_driver</Name>
			<Path>.</Path>
			<FullName>./test_robot_driver</FullName>
			<FullCommandLine>/usr/bin/python3 "-u" "/opt/ros/humble/share/ament_cmake_test/cmake/run_test.py" "/root/workspace/rl-navibot/build/robot_world/test_results/robot_world/test_robot_driver.gtest.xml" "--package-name" "robot_world" "--output-file" "/root/workspace/rl-navibot/build/robot_world/ament_cmake_gtest/test_robot_driver.txt" "--command" "/root/workspace/rl-navibot/build/robot_world/test_robot_driver" "--gtest_output=xml:/root/workspace/rl-navibot/build/robot_world/test_results/robot_world/test_robot_driver.gtest.xml"</FullCommandLine>
			<Results>
				<NamedMeasurement type="text/string" name="Exit Code">
					<Value>Failed</Value>
				</NamedMeasurement>
				<NamedMeasurement type="text/string" name="Exit Value">
					<Value>1</Value>
				</NamedMeasurement>
				<NamedMeasurement type="numeric/double" name="Execution Time">
					<Value>2.90751</Value>
				</NamedMeasurement>
				<NamedMeasurement type="numeric/double" name="Processors">
					<Value>1</Value>
				</NamedMeasurement>
				<NamedMeasurement type="text/string" name="Completion Status">
					<Value>Completed</Value>
				</NamedMeasurement>
				<NamedMeasurement type="text/string" name="Command Line">
					<Value>/usr/bin/python3 "-u" "/opt/ros/humble/share/ament_cmake_test/cmake/run_test.py" "/root/workspace/rl-navibot/build/robot_world/test_results/robot_world/test_robot_driver.gtest.xml" "--package-name" "robot_world" "--output-file" "/root/workspace/rl-navibot/build/robot_world/ament_cmake_gtest/test_robot_driver.txt" "--command" "/root/workspace/rl-navibot/build/robot_world/test_robot_driver" "--gtest_output=xml:/root/workspace/rl-navibot/build/robot_world/test_results/robot_world/test_robot_driver.gtest.xml"</Value>
				</NamedMeasurement>
				<NamedMeasurement type="text/string" name="Environment">
					<Value>#CTEST_RESOURCE_GROUP_COUNT=</Value>
				</NamedMeasurement>
				<Measurement>
					<Value>-- run_test.py: invoking following command in '/root/workspace/rl-navibot/build/robot_world':
 - /root/workspace/rl-navibot/build/robot_world/test_robot_driver --gtest_output=xml:/root/workspace/rl-navibot/build/robot_world/test_results/robot_world/test_robot_driver.gtest.xml
Running main() from /opt/ros/humble/src/gtest_vendor/src/gtest_main.cc
[==========] Running 3 tests from 1 test suite.
[----------] Global test environment set-up.
[----------] 3 tests from RobotDriverTest
[ RUN      ] RobotDriverTest.TestNormalPassThrough
[INFO] [1774805956.985701118] [robot_driver]: Robot Driver Initialized.
/root/workspace/rl-navibot/src/execution/robot_world/test/test_robot_driver.cpp:113: Failure
Expected equality of these values:
  last_cmd_vel_.linear.x
    Which is: 0
  0.5
/root/workspace/rl-navibot/src/execution/robot_world/test/test_robot_driver.cpp:114: Failure
Expected equality of these values:
  last_cmd_vel_.angular.z
    Which is: 0
  0.1
[  FAILED  ] RobotDriverTest.TestNormalPassThrough (923 ms)
[ RUN      ] RobotDriverTest.TestCollisionStop
[INFO] [1774805957.899178218] [robot_driver]: Robot Driver Initialized.
[       OK ] RobotDriverTest.TestCollisionStop (914 ms)
[ RUN      ] RobotDriverTest.TestStatePublishing
[INFO] [1774805958.813878911] [robot_driver]: Robot Driver Initialized.
[INFO] [1774805959.518740201] [robot_driver]: New Goal Received: (5.00, 5.00)
[       OK ] RobotDriverTest.TestStatePublishing (916 ms)
[----------] 3 tests from RobotDriverTest (2753 ms total)

[----------] Global test environment tear-down
[==========] 3 tests from 1 test suite ran. (2753 ms total)
[  PASSED  ] 2 tests.
[  FAILED  ] 1 test, listed below:
[  FAILED  ] RobotDriverTest.TestNormalPassThrough

 1 FAILED TEST
-- run_test.py: return code 1
-- run_test.py: inject classname prefix into gtest result file '/root/workspace/rl-navibot/build/robot_world/test_results/robot_world/test_robot_driver.gtest.xml'
-- run_test.py: verify result file '/root/workspace/rl-navibot/build/robot_world/test_results/robot_world/test_robot_driver.gtest.xml'
</Value>
				</Measurement>
			</Results>
			<Labels>
				<Label>gtest</Label>
			</Labels>
		</Test>
		<Test Status="passed">
			<Name>test_world_manager</Name>
			<Path>.</Path>
			<FullName>./test_world_manager</FullName>
			<FullCommandLine>/usr/bin/python3 "-u" "/opt/ros/humble/share/ament_cmake_test/cmake/run_test.py" "/root/workspace/rl-navibot/build/robot_world/test_results/robot_world/test_world_manager.gtest.xml" "--package-name" "robot_world" "--output-file" "/root/workspace/rl-navibot/build/robot_world/ament_cmake_gtest/test_world_manager.txt" "--command" "/root/workspace/rl-navibot/build/robot_world/test_world_manager" "--gtest_output=xml:/root/workspace/rl-navibot/build/robot_world/test_results/robot_world/test_world_manager.gtest.xml"</FullCommandLine>
			<Results>
				<NamedMeasurement type="numeric/double" name="Execution Time">
					<Value>0.290464</Value>
				</NamedMeasurement>
				<NamedMeasurement type="numeric/double" name="Processors">
					<Value>1</Value>
				</NamedMeasurement>
				<NamedMeasurement type="text/string" name="Completion Status">
					<Value>Completed</Value>
				</NamedMeasurement>
				<NamedMeasurement type="text/string" name="Command Line">
					<Value>/usr/bin/python3 "-u" "/opt/ros/humble/share/ament_cmake_test/cmake/run_test.py" "/root/workspace/rl-navibot/build/robot_world/test_results/robot_world/test_world_manager.gtest.xml" "--package-name" "robot_world" "--output-file" "/root/workspace/rl-navibot/build/robot_world/ament_cmake_gtest/test_world_manager.txt" "--command" "/root/workspace/rl-navibot/build/robot_world/test_world_manager" "--gtest_output=xml:/root/workspace/rl-navibot/build/robot_world/test_results/robot_world/test_world_manager.gtest.xml"</Value>
				</NamedMeasurement>
				<NamedMeasurement type="text/string" name="Environment">
					<Value>#CTEST_RESOURCE_GROUP_COUNT=</Value>
				</NamedMeasurement>
				<Measurement>
					<Value>-- run_test.py: invoking following command in '/root/workspace/rl-navibot/build/robot_world':
 - /root/workspace/rl-navibot/build/robot_world/test_world_manager --gtest_output=xml:/root/workspace/rl-navibot/build/robot_world/test_results/robot_world/test_world_manager.gtest.xml
Running main() from /opt/ros/humble/src/gtest_vendor/src/gtest_main.cc
[==========] Running 2 tests from 1 test suite.
[----------] Global test environment set-up.
[----------] 2 tests from WorldManagerTest
[ RUN      ] WorldManagerTest.TestResetServiceCall
[INFO] [1774805959.889335158] [world_manager]: World Manager Initialized.
[       OK ] WorldManagerTest.TestResetServiceCall (68 ms)
[ RUN      ] WorldManagerTest.TestParameterPassing
[INFO] [1774805959.949832349] [world_manager]: World Manager Initialized.
[       OK ] WorldManagerTest.TestParameterPassing (58 ms)
[----------] 2 tests from WorldManagerTest (127 ms total)

[----------] Global test environment tear-down
[==========] 2 tests from 1 test suite ran. (127 ms total)
[  PASSED  ] 2 tests.
-- run_test.py: return code 0
-- run_test.py: inject classname prefix into gtest result file '/root/workspace/rl-navibot/build/robot_world/test_results/robot_world/test_world_manager.gtest.xml'
-- run_test.py: verify result file '/root/workspace/rl-navibot/build/robot_world/test_results/robot_world/test_world_manager.gtest.xml'
</Value>
				</Measurement>
			</Results>
			<Labels>
				<Label>gtest</Label>
			</Labels>
		</Test>
		<Test Status="passed">
			<Name>cppcheck</Name>
			<Path>.</Path>
			<FullName>./cppcheck</FullName>
			<FullCommandLine>/usr/bin/python3 "-u" "/opt/ros/humble/share/ament_cmake_test/cmake/run_test.py" "/root/workspace/rl-navibot/build/robot_world/test_results/robot_world/cppcheck.xunit.xml" "--package-name" "robot_world" "--output-file" "/root/workspace/rl-navibot/build/robot_world/ament_cppcheck/cppcheck.txt" "--command" "/opt/ros/humble/bin/ament_cppcheck" "--xunit-file" "/root/workspace/rl-navibot/build/robot_world/test_results/robot_world/cppcheck.xunit.xml" "--include_dirs" "/root/workspace/rl-navibot/src/execution/robot_world/include"</FullCommandLine>
			<Results>
				<NamedMeasurement type="numeric/double" name="Execution Time">
					<Value>0.122013</Value>
				</NamedMeasurement>
				<NamedMeasurement type="numeric/double" name="Processors">
					<Value>1</Value>
				</NamedMeasurement>
				<NamedMeasurement type="text/string" name="Completion Status">
					<Value>Completed</Value>
				</NamedMeasurement>
				<NamedMeasurement type="text/string" name="Command Line">
					<Value>/usr/bin/python3 "-u" "/opt/ros/humble/share/ament_cmake_test/cmake/run_test.py" "/root/workspace/rl-navibot/build/robot_world/test_results/robot_world/cppcheck.xunit.xml" "--package-name" "robot_world" "--output-file" "/root/workspace/rl-navibot/build/robot_world/ament_cppcheck/cppcheck.txt" "--command" "/opt/ros/humble/bin/ament_cppcheck" "--xunit-file" "/root/workspace/rl-navibot/build/robot_world/test_results/robot_world/cppcheck.xunit.xml" "--include_dirs" "/root/workspace/rl-navibot/src/execution/robot_world/include"</Value>
				</NamedMeasurement>
				<NamedMeasurement type="text/string" name="Environment">
					<Value>#CTEST_RESOURCE_GROUP_COUNT=</Value>
				</NamedMeasurement>
				<Measurement>
					<Value>-- run_test.py: invoking following command in '/root/workspace/rl-navibot/src/execution/robot_world':
 - /opt/ros/humble/bin/ament_cppcheck --xunit-file /root/workspace/rl-navibot/build/robot_world/test_results/robot_world/cppcheck.xunit.xml --include_dirs /root/workspace/rl-navibot/src/execution/robot_world/include
cppcheck 2.7 has known performance issues and therefore will not be used, set the AMENT_CPPCHECK_ALLOW_SLOW_VERSIONS environment variable to override this.
-- run_test.py: return code 0
-- run_test.py: verify result file '/root/workspace/rl-navibot/build/robot_world/test_results/robot_world/cppcheck.xunit.xml'
</Value>
				</Measurement>
			</Results>
			<Labels>
				<Label>cppcheck</Label>
				<Label>linter</Label>
			</Labels>
		</Test>
		<Test Status="failed">
			<Name>flake8</Name>
			<Path>.</Path>
			<FullName>./flake8</FullName>
			<FullCommandLine>/usr/bin/python3 "-u" "/opt/ros/humble/share/ament_cmake_test/cmake/run_test.py" "/root/workspace/rl-navibot/build/robot_world/test_results/robot_world/flake8.xunit.xml" "--package-name" "robot_world" "--output-file" "/root/workspace/rl-navibot/build/robot_world/ament_flake8/flake8.txt" "--command" "/opt/ros/humble/bin/ament_flake8" "--xunit-file" "/root/workspace/rl-navibot/build/robot_world/test_results/robot_world/flake8.xunit.xml"</FullCommandLine>
			<Results>
				<NamedMeasurement type="text/string" name="Exit Code">
					<Value>Failed</Value>
				</NamedMeasurement>
				<NamedMeasurement type="text/string" name="Exit Value">
					<Value>1</Value>
				</NamedMeasurement>
				<NamedMeasurement type="numeric/double" name="Execution Time">
					<Value>0.225749</Value>
				</NamedMeasurement>
				<NamedMeasurement type="numeric/double" name="Processors">
					<Value>1</Value>
				</NamedMeasurement>
				<NamedMeasurement type="text/string" name="Completion Status">
					<Value>Completed</Value>
				</NamedMeasurement>
				<NamedMeasurement type="text/string" name="Command Line">
					<Value>/usr/bin/python3 "-u" "/opt/ros/humble/share/ament_cmake_test/cmake/run_test.py" "/root/workspace/rl-navibot/build/robot_world/test_results/robot_world/flake8.xunit.xml" "--package-name" "robot_world" "--output-file" "/root/workspace/rl-navibot/build/robot_world/ament_flake8/flake8.txt" "--command" "/opt/ros/humble/bin/ament_flake8" "--xunit-file" "/root/workspace/rl-navibot/build/robot_world/test_results/robot_world/flake8.xunit.xml"</Value>
				</NamedMeasurement>
				<NamedMeasurement type="text/string" name="Environment">
					<Value>#CTEST_RESOURCE_GROUP_COUNT=</Value>
				</NamedMeasurement>
				<Measurement>
					<Value>-- run_test.py: invoking following command in '/root/workspace/rl-navibot/src/execution/robot_world':
 - /opt/ros/humble/bin/ament_flake8 --xunit-file /root/workspace/rl-navibot/build/robot_world/test_results/robot_world/flake8.xunit.xml
#     robot_count = 2 
                     ^
        
^
                
^
#                 #     package='gazebo_ros', 
                                             ^
2     W291 trailing whitespace
2     W293 blank line contains whitespace

./launch/multi_robot.launch.py:9:22: W291 trailing whitespace

./launch/multi_robot.launch.py:16:1: W293 blank line contains whitespace

./launch/multi_robot.launch.py:31:1: W293 blank line contains whitespace

./launch/multi_robot.launch.py:36:46: W291 trailing whitespace


2 files checked
4 errors

'W'-type errors: 4

Checked files:

* ./launch/multi_robot.launch.py
* ./launch/bot_world_sim.launch.py
-- run_test.py: return code 1
-- run_test.py: verify result file '/root/workspace/rl-navibot/build/robot_world/test_results/robot_world/flake8.xunit.xml'
</Value>
				</Measurement>
			</Results>
			<Labels>
				<Label>flake8</Label>
				<Label>linter</Label>
			</Labels>
		</Test>
		<Test Status="passed">
			<Name>lint_cmake</Name>
			<Path>.</Path>
			<FullName>./lint_cmake</FullName>
			<FullCommandLine>/usr/bin/python3 "-u" "/opt/ros/humble/share/ament_cmake_test/cmake/run_test.py" "/root/workspace/rl-navibot/build/robot_world/test_results/robot_world/lint_cmake.xunit.xml" "--package-name" "robot_world" "--output-file" "/root/workspace/rl-navibot/build/robot_world/ament_lint_cmake/lint_cmake.txt" "--command" "/opt/ros/humble/bin/ament_lint_cmake" "--xunit-file" "/root/workspace/rl-navibot/build/robot_world/test_results/robot_world/lint_cmake.xunit.xml"</FullCommandLine>
			<Results>
				<NamedMeasurement type="numeric/double" name="Execution Time">
					<Value>0.133512</Value>
				</NamedMeasurement>
				<NamedMeasurement type="numeric/double" name="Processors">
					<Value>1</Value>
				</NamedMeasurement>
				<NamedMeasurement type="text/string" name="Completion Status">
					<Value>Completed</Value>
				</NamedMeasurement>
				<NamedMeasurement type="text/string" name="Command Line">
					<Value>/usr/bin/python3 "-u" "/opt/ros/humble/share/ament_cmake_test/cmake/run_test.py" "/root/workspace/rl-navibot/build/robot_world/test_results/robot_world/lint_cmake.xunit.xml" "--package-name" "robot_world" "--output-file" "/root/workspace/rl-navibot/build/robot_world/ament_lint_cmake/lint_cmake.txt" "--command" "/opt/ros/humble/bin/ament_lint_cmake" "--xunit-file" "/root/workspace/rl-navibot/build/robot_world/test_results/robot_world/lint_cmake.xunit.xml"</Value>
				</NamedMeasurement>
				<NamedMeasurement type="text/string" name="Environment">
					<Value>#CTEST_RESOURCE_GROUP_COUNT=</Value>
				</NamedMeasurement>
				<Measurement>
					<Value>-- run_test.py: invoking following command in '/root/workspace/rl-navibot/src/execution/robot_world':
 - /opt/ros/humble/bin/ament_lint_cmake --xunit-file /root/workspace/rl-navibot/build/robot_world/test_results/robot_world/lint_cmake.xunit.xml

No problems found
-- run_test.py: return code 0
-- run_test.py: verify result file '/root/workspace/rl-navibot/build/robot_world/test_results/robot_world/lint_cmake.xunit.xml'
</Value>
				</Measurement>
			</Results>
			<Labels>
				<Label>lint_cmake</Label>
				<Label>linter</Label>
			</Labels>
		</Test>
		<Test Status="passed">
			<Name>pep257</Name>
			<Path>.</Path>
			<FullName>./pep257</FullName>
			<FullCommandLine>/usr/bin/python3 "-u" "/opt/ros/humble/share/ament_cmake_test/cmake/run_test.py" "/root/workspace/rl-navibot/build/robot_world/test_results/robot_world/pep257.xunit.xml" "--package-name" "robot_world" "--output-file" "/root/workspace/rl-navibot/build/robot_world/ament_pep257/pep257.txt" "--command" "/opt/ros/humble/bin/ament_pep257" "--xunit-file" "/root/workspace/rl-navibot/build/robot_world/test_results/robot_world/pep257.xunit.xml"</FullCommandLine>
			<Results>
				<NamedMeasurement type="numeric/double" name="Execution Time">
					<Value>0.161058</Value>
				</NamedMeasurement>
				<NamedMeasurement type="numeric/double" name="Processors">
					<Value>1</Value>
				</NamedMeasurement>
				<NamedMeasurement type="text/string" name="Completion Status">
					<Value>Completed</Value>
				</NamedMeasurement>
				<NamedMeasurement type="text/string" name="Command Line">
					<Value>/usr/bin/python3 "-u" "/opt/ros/humble/share/ament_cmake_test/cmake/run_test.py" "/root/workspace/rl-navibot/build/robot_world/test_results/robot_world/pep257.xunit.xml" "--package-name" "robot_world" "--output-file" "/root/workspace/rl-navibot/build/robot_world/ament_pep257/pep257.txt" "--command" "/opt/ros/humble/bin/ament_pep257" "--xunit-file" "/root/workspace/rl-navibot/build/robot_world/test_results/robot_world/pep257.xunit.xml"</Value>
				</NamedMeasurement>
				<NamedMeasurement type="text/string" name="Environment">
					<Value>#CTEST_RESOURCE_GROUP_COUNT=</Value>
				</NamedMeasurement>
				<Measurement>
					<Value>-- run_test.py: invoking following command in '/root/workspace/rl-navibot/src/execution/robot_world':
 - /opt/ros/humble/bin/ament_pep257 --xunit-file /root/workspace/rl-navibot/build/robot_world/test_results/robot_world/pep257.xunit.xml
checking ./launch/bot_world_sim.launch.py
checking ./launch/multi_robot.launch.py
No problems found
-- run_test.py: return code 0
-- run_test.py: verify result file '/root/workspace/rl-navibot/build/robot_world/test_results/robot_world/pep257.xunit.xml'
</Value>
				</Measurement>
			</Results>
			<Labels>
				<Label>linter</Label>
				<Label>pep257</Label>
			</Labels>
		</Test>
		<Test Status="failed">
			<Name>uncrustify</Name>
			<Path>.</Path>
			<FullName>./uncrustify</FullName>
			<FullCommandLine>/usr/bin/python3 "-u" "/opt/ros/humble/share/ament_cmake_test/cmake/run_test.py" "/root/workspace/rl-navibot/build/robot_world/test_results/robot_world/uncrustify.xunit.xml" "--package-name" "robot_world" "--output-file" "/root/workspace/rl-navibot/build/robot_world/ament_uncrustify/uncrustify.txt" "--command" "/opt/ros/humble/bin/ament_uncrustify" "--xunit-file" "/root/workspace/rl-navibot/build/robot_world/test_results/robot_world/uncrustify.xunit.xml"</FullCommandLine>
			<Results>
				<NamedMeasurement type="text/string" name="Exit Code">
					<Value>Failed</Value>
				</NamedMeasurement>
				<NamedMeasurement type="text/string" name="Exit Value">
					<Value>1</Value>
				</NamedMeasurement>
				<NamedMeasurement type="numeric/double" name="Execution Time">
					<Value>0.150944</Value>
				</NamedMeasurement>
				<NamedMeasurement type="numeric/double" name="Processors">
					<Value>1</Value>
				</NamedMeasurement>
				<NamedMeasurement type="text/string" name="Completion Status">
					<Value>Completed</Value>
				</NamedMeasurement>
				<NamedMeasurement type="text/string" name="Command Line">
					<Value>/usr/bin/python3 "-u" "/opt/ros/humble/share/ament_cmake_test/cmake/run_test.py" "/root/workspace/rl-navibot/build/robot_world/test_results/robot_world/uncrustify.xunit.xml" "--package-name" "robot_world" "--output-file" "/root/workspace/rl-navibot/build/robot_world/ament_uncrustify/uncrustify.txt" "--command" "/opt/ros/humble/bin/ament_uncrustify" "--xunit-file" "/root/workspace/rl-navibot/build/robot_world/test_results/robot_world/uncrustify.xunit.xml"</Value>
				</NamedMeasurement>
				<NamedMeasurement type="text/string" name="Environment">
					<Value>#CTEST_RESOURCE_GROUP_COUNT=</Value>
				</NamedMeasurement>
				<Measurement>
					<Value>-- run_test.py: invoking following command in '/root/workspace/rl-navibot/src/execution/robot_world':
 - /opt/ros/humble/bin/ament_uncrustify --xunit-file /root/workspace/rl-navibot/build/robot_world/test_results/robot_world/uncrustify.xunit.xml
Code style divergence in file 'include/robot_world/robot_driver.hpp':

--- include/robot_world/robot_driver.hpp
+++ include/robot_world/robot_driver.hpp.uncrustify
@@ -28 +28,2 @@
-  struct RobotConfig {
+  struct RobotConfig
+  {
@@ -75 +76 @@
-  
+

Code style divergence in file 'src/robot_driver.cpp':

--- src/robot_driver.cpp
+++ src/robot_driver.cpp.uncrustify
@@ -1 +0,0 @@
-
@@ -5,2 +4,3 @@
-RobotDriver::RobotDriver() : Node("robot_driver"), goal_set_(false), last_min_dist_(100.0)
-{ 
+RobotDriver::RobotDriver()
+: Node("robot_driver"), goal_set_(false), last_min_dist_(100.0)
+{
@@ -8,2 +8,2 @@
-  config_.dist_from_collision = 0.25;      
-  config_.roll_tilt_thresh = 0.35;          
+  config_.dist_from_collision = 0.25;
+  config_.roll_tilt_thresh = 0.35;
@@ -11,5 +11,5 @@
-  config_.dist_to_goal_thresh = 0.2;       
-  config_.speed_stop_thresh = 0.05;   
-  config_.lidar_sector_num = 24;         
-  config_.loop_freq = 10.0;      
-  
+  config_.dist_to_goal_thresh = 0.2;
+  config_.speed_stop_thresh = 0.05;
+  config_.lidar_sector_num = 24;
+  config_.loop_freq = 10.0;
+
@@ -59 +59 @@
-  
+
@@ -94,2 +94,2 @@
-  if(sector_size == 0) sector_size = 1;
-  
+  if (sector_size == 0) {sector_size = 1;}
+
@@ -100 +100 @@
-      if(static_cast&lt;size_t&gt;(idx) &gt;= msg-&gt;ranges.size()) break;
+      if (static_cast&lt;size_t&gt;(idx) &gt;= msg-&gt;ranges.size()) {break;}
@@ -114,8 +114,10 @@
-      stop_robot();
-      return;
-  }
-
-  if (std::abs(current_roll_) &gt; config_.roll_tilt_thresh || std::abs(current_pitch_) &gt; config_.pitch_tilt_thresh) {
-      RCLCPP_WARN(this-&gt;get_logger(), "Tilt Warning!");
-      stop_robot();
-      return;
+    stop_robot();
+    return;
+  }
+
+  if (std::abs(current_roll_) &gt; config_.roll_tilt_thresh ||
+    std::abs(current_pitch_) &gt; config_.pitch_tilt_thresh)
+  {
+    RCLCPP_WARN(this-&gt;get_logger(), "Tilt Warning!");
+    stop_robot();
+    return;
@@ -135,2 +137,2 @@
-      stop_robot();
-      return;
+    stop_robot();
+    return;
@@ -141,10 +143,13 @@
-  float dist_to_goal = std::sqrt(dx*dx + dy*dy);
-
-  if (dist_to_goal &lt; config_.dist_to_goal_thresh &amp;&amp; std::abs(current_v_) &lt; config_.speed_stop_thresh) {
-      RCLCPP_INFO(this-&gt;get_logger(), "Goal Reached!");
-      goal_set_ = false; 
-      stop_robot();
-  }
-}
-
-void RobotDriver::stop_robot() {
+  float dist_to_goal = std::sqrt(dx * dx + dy * dy);
+
+  if (dist_to_goal &lt; config_.dist_to_goal_thresh &amp;&amp;
+    std::abs(current_v_) &lt; config_.speed_stop_thresh)
+  {
+    RCLCPP_INFO(this-&gt;get_logger(), "Goal Reached!");
+    goal_set_ = false;
+    stop_robot();
+  }
+}
+
+void RobotDriver::stop_robot()
+{
@@ -158 +163 @@
-  
+
@@ -168 +173 @@
-    float dist = std::sqrt(dx*dx + dy*dy);
+    float dist = std::sqrt(dx * dx + dy * dy);
@@ -180 +185,3 @@
-    for(int i=0; i&lt;config_.lidar_sector_num; i++) state_msg.data.push_back(0.0f);
+    for (int i = 0; i &lt; config_.lidar_sector_num; i++) {
+      state_msg.data.push_back(0.0f);
+    }
@@ -190 +197 @@
-//   { 
+//   {
@@ -193 +200 @@
-//     config_.dist_from_collision = 0.25;      
+//     config_.dist_from_collision = 0.25;
@@ -198 +205 @@
-//     config_.dist_to_goal_thresh = 0.2;       
+//     config_.dist_to_goal_thresh = 0.2;
@@ -200 +207 @@
-//     config_.speed_stop_thresh = 0.05;   
+//     config_.speed_stop_thresh = 0.05;
@@ -202 +209 @@
-//     config_.lidar_sector_num = 24;         
+//     config_.lidar_sector_num = 24;
@@ -204,2 +211,2 @@
-//     config_.loop_freq = 10.0;      
-    
+//     config_.loop_freq = 10.0;
+
@@ -213 +220 @@
-    
+
@@ -268 +275 @@
-    
+
@@ -316 +323 @@
-    
+
@@ -327 +334 @@
-    
+
@@ -400 +407 @@
-    
+
@@ -414 +421 @@
-      
+
@@ -450 +457 @@
-  
+

Code style divergence in file 'src/world_manager.cpp':

--- src/world_manager.cpp
+++ src/world_manager.cpp.uncrustify
@@ -18 +18,2 @@
-  gazebo_client_ = this-&gt;create_client&lt;gazebo_msgs::srv::SetEntityState&gt;("/gazebo/set_entity_state");
+  gazebo_client_ =
+    this-&gt;create_client&lt;gazebo_msgs::srv::SetEntityState&gt;("/gazebo/set_entity_state");
@@ -28 +29 @@
-  (void)request; 
+  (void)request;
@@ -39 +40 @@
-  
+
@@ -49 +50 @@
-  
+
@@ -51,2 +52,2 @@
-  // if (rclcpp::spin_until_future_complete(this-&gt;get_node_base_interface(), future_result, std::chrono::seconds(2)) 
-  //     == rclcpp::FutureReturnCode::SUCCESS) 
+  // if (rclcpp::spin_until_future_complete(this-&gt;get_node_base_interface(), future_result, std::chrono::seconds(2))
+  //     == rclcpp::FutureReturnCode::SUCCESS)
@@ -66 +67 @@
-  };
+    };
@@ -103 +104 @@
-//     (void)request; 
+//     (void)request;
@@ -114 +115 @@
-    
+
@@ -117 +118 @@
-    
+
@@ -127 +128 @@
-    
+
@@ -129,2 +130,2 @@
-//     if (rclcpp::spin_until_future_complete(this-&gt;get_node_base_interface(), future_result, std::chrono::seconds(2)) 
-//         == rclcpp::FutureReturnCode::SUCCESS) 
+//     if (rclcpp::spin_until_future_complete(this-&gt;get_node_base_interface(), future_result, std::chrono::seconds(2))
+//         == rclcpp::FutureReturnCode::SUCCESS)

Code style divergence in file 'test/test_robot_driver.cpp':

--- test/test_robot_driver.cpp
+++ test/test_robot_driver.cpp.uncrustify
@@ -21 +21 @@
-    
+
@@ -41 +41 @@
-      
+
@@ -64 +64 @@
-    std::this_thread::sleep_for(std::chrono::milliseconds(100)); 
+    std::this_thread::sleep_for(std::chrono::milliseconds(100));
@@ -70 +70 @@
-  
+
@@ -75 +75 @@
-  
+
@@ -94 +94 @@
-  spin_some(); 
+  spin_some();
@@ -132 +132 @@
-  cmd.linear.x = 0.5; 
+  cmd.linear.x = 0.5;
@@ -154 +154 @@
-  odom.pose.pose.orientation.w = 1.0; 
+  odom.pose.pose.orientation.w = 1.0;
@@ -156 +156 @@
-  
+
@@ -160 +160 @@
-  goal.pose.position.y = 5.0; 
+  goal.pose.position.y = 5.0;
@@ -162 +162 @@
-  
+
@@ -173 +173 @@
-  
+
@@ -179 +178,0 @@
-
@@ -191 +190 @@
-// // #include "robot_driver_pkg/robot_driver.hpp" 
+// // #include "robot_driver_pkg/robot_driver.hpp"
@@ -202 +201 @@
-    
+
@@ -222 +221 @@
-      
+
@@ -247 +246 @@
-  
+
@@ -253 +252 @@
-  
+
@@ -332 +331 @@
-  
+
@@ -338 +337 @@
-  
+
@@ -352 +351 @@
-  
+
@@ -354 +353 @@
-//   EXPECT_NEAR(last_state_.data[5], 2.0, 0.01); 
+//   EXPECT_NEAR(last_state_.data[5], 2.0, 0.01);

Code style divergence in file 'test/test_world_manager.cpp':

--- test/test_world_manager.cpp
+++ test/test_world_manager.cpp.uncrustify
@@ -35 +35 @@
-             std::shared_ptr&lt;gazebo_msgs::srv::SetEntityState::Response&gt; res) {
+      std::shared_ptr&lt;gazebo_msgs::srv::SetEntityState::Response&gt; res) {
@@ -60 +60 @@
-  
+
@@ -78 +78,3 @@
-  while (!mock_server_called_ &amp;&amp; std::chrono::steady_clock::now() - start &lt; std::chrono::seconds(2)) {
+  while (!mock_server_called_ &amp;&amp;
+    std::chrono::steady_clock::now() - start &lt; std::chrono::seconds(2))
+  {
@@ -96 +98,3 @@
-  while (!mock_server_called_ &amp;&amp; std::chrono::steady_clock::now() - start &lt; std::chrono::seconds(2)) {
+  while (!mock_server_called_ &amp;&amp;
+    std::chrono::steady_clock::now() - start &lt; std::chrono::seconds(2))
+  {
@@ -117 +121 @@
-// // #include "your_package/world_manager.hpp" 
+// // #include "your_package/world_manager.hpp"
@@ -133 +137 @@
-    
+
@@ -164,2 +168,2 @@
-    
-//     while (!mock_server_called_ &amp;&amp; 
+
+//     while (!mock_server_called_ &amp;&amp;
@@ -177 +181 @@
-  
+
@@ -213 +217 @@
-  
+

5 files with code style divergence
No code style divergence in file 'include/robot_world/world_manager.hpp'

No code style divergence in file 'src/robot_driver_main.cpp'

No code style divergence in file 'src/world_manager_main.cpp'

-- run_test.py: return code 1
-- run_test.py: verify result file '/root/workspace/rl-navibot/build/robot_world/test_results/robot_world/uncrustify.xunit.xml'
</Value>
				</Measurement>
			</Results>
			<Labels>
				<Label>linter</Label>
				<Label>uncrustify</Label>
			</Labels>
		</Test>
		<Test Status="passed">
			<Name>xmllint</Name>
			<Path>.</Path>
			<FullName>./xmllint</FullName>
			<FullCommandLine>/usr/bin/python3 "-u" "/opt/ros/humble/share/ament_cmake_test/cmake/run_test.py" "/root/workspace/rl-navibot/build/robot_world/test_results/robot_world/xmllint.xunit.xml" "--package-name" "robot_world" "--output-file" "/root/workspace/rl-navibot/build/robot_world/ament_xmllint/xmllint.txt" "--command" "/opt/ros/humble/bin/ament_xmllint" "--xunit-file" "/root/workspace/rl-navibot/build/robot_world/test_results/robot_world/xmllint.xunit.xml"</FullCommandLine>
			<Results>
				<NamedMeasurement type="numeric/double" name="Execution Time">
					<Value>1.32336</Value>
				</NamedMeasurement>
				<NamedMeasurement type="numeric/double" name="Processors">
					<Value>1</Value>
				</NamedMeasurement>
				<NamedMeasurement type="text/string" name="Completion Status">
					<Value>Completed</Value>
				</NamedMeasurement>
				<NamedMeasurement type="text/string" name="Command Line">
					<Value>/usr/bin/python3 "-u" "/opt/ros/humble/share/ament_cmake_test/cmake/run_test.py" "/root/workspace/rl-navibot/build/robot_world/test_results/robot_world/xmllint.xunit.xml" "--package-name" "robot_world" "--output-file" "/root/workspace/rl-navibot/build/robot_world/ament_xmllint/xmllint.txt" "--command" "/opt/ros/humble/bin/ament_xmllint" "--xunit-file" "/root/workspace/rl-navibot/build/robot_world/test_results/robot_world/xmllint.xunit.xml"</Value>
				</NamedMeasurement>
				<NamedMeasurement type="text/string" name="Environment">
					<Value>#CTEST_RESOURCE_GROUP_COUNT=</Value>
				</NamedMeasurement>
				<Measurement>
					<Value>-- run_test.py: invoking following command in '/root/workspace/rl-navibot/src/execution/robot_world':
 - /opt/ros/humble/bin/ament_xmllint --xunit-file /root/workspace/rl-navibot/build/robot_world/test_results/robot_world/xmllint.xunit.xml
File 'package.xml' is valid

No problems found
-- run_test.py: return code 0
-- run_test.py: verify result file '/root/workspace/rl-navibot/build/robot_world/test_results/robot_world/xmllint.xunit.xml'
</Value>
				</Measurement>
			</Results>
			<Labels>
				<Label>linter</Label>
				<Label>xmllint</Label>
			</Labels>
		</Test>
		<EndDateTime>Mar 29 17:39 UTC</EndDateTime>
		<EndTestTime>1774805963</EndTestTime>
		<ElapsedMinutes>0</ElapsedMinutes>
	</Testing>
</Site>
