<?xml version="1.0" encoding="UTF-8"?>
<testsuites tests="3" failures="0" disabled="0" errors="0" time="2.853" timestamp="2026-03-29T17:52:04" name="AllTests">
  <testsuite name="RobotDriverTest" tests="3" failures="0" disabled="0" errors="0" time="2.852" timestamp="2026-03-29T17:52:04">
    <testcase name="TestNormalPassThrough" status="run" result="completed" time="1.024" timestamp="2026-03-29T17:52:04" classname="robot_world.RobotDriverTest" />
    <testcase name="TestCollisionStop" status="run" result="completed" time="0.915" timestamp="2026-03-29T17:52:05" classname="robot_world.RobotDriverTest" />
    <testcase name="TestStatePublishing" status="run" result="completed" time="0.912" timestamp="2026-03-29T17:52:06" classname="robot_world.RobotDriverTest" />
  </testsuite>
</testsuites>
