Start testing: Mar 29 17:46 UTC
----------------------------------------------------------
1/8 Testing: test_robot_driver
1/8 Test: test_robot_driver
Command: "/usr/bin/python3" "-u" "/opt/ros/humble/share/ament_cmake_test/cmake/run_test.py" "/root/workspace/rl-navibot/build/robot_world/test_results/robot_world/test_robot_driver.gtest.xml" "--package-name" "robot_world" "--output-file" "/root/workspace/rl-navibot/build/robot_world/ament_cmake_gtest/test_robot_driver.txt" "--command" "/root/workspace/rl-navibot/build/robot_world/test_robot_driver" "--gtest_output=xml:/root/workspace/rl-navibot/build/robot_world/test_results/robot_world/test_robot_driver.gtest.xml"
Directory: /root/workspace/rl-navibot/build/robot_world
"test_robot_driver" start time: Mar 29 17:46 UTC
Output:
----------------------------------------------------------
-- run_test.py: invoking following command in '/root/workspace/rl-navibot/build/robot_world':
 - /root/workspace/rl-navibot/build/robot_world/test_robot_driver --gtest_output=xml:/root/workspace/rl-navibot/build/robot_world/test_results/robot_world/test_robot_driver.gtest.xml
Running main() from /opt/ros/humble/src/gtest_vendor/src/gtest_main.cc
[==========] Running 3 tests from 1 test suite.
[----------] Global test environment set-up.
[----------] 3 tests from RobotDriverTest
[ RUN      ] RobotDriverTest.TestNormalPassThrough
[INFO] [1774806367.261809672] [robot_driver]: Robot Driver Initialized.
/root/workspace/rl-navibot/src/execution/robot_world/test/test_robot_driver.cpp:113: Failure
Expected equality of these values:
  last_cmd_vel_.linear.x
    Which is: 0
  0.5
/root/workspace/rl-navibot/src/execution/robot_world/test/test_robot_driver.cpp:114: Failure
Expected equality of these values:
  last_cmd_vel_.angular.z
    Which is: 0
  0.1
[  FAILED  ] RobotDriverTest.TestNormalPassThrough (933 ms)
[ RUN      ] RobotDriverTest.TestCollisionStop
[INFO] [1774806368.178076936] [robot_driver]: Robot Driver Initialized.
[       OK ] RobotDriverTest.TestCollisionStop (913 ms)
[ RUN      ] RobotDriverTest.TestStatePublishing
[INFO] [1774806369.091558029] [robot_driver]: Robot Driver Initialized.
[INFO] [1774806369.794728358] [robot_driver]: New Goal Received: (5.00, 5.00)
[       OK ] RobotDriverTest.TestStatePublishing (914 ms)
[----------] 3 tests from RobotDriverTest (2760 ms total)

[----------] Global test environment tear-down
[==========] 3 tests from 1 test suite ran. (2760 ms total)
[  PASSED  ] 2 tests.
[  FAILED  ] 1 test, listed below:
[  FAILED  ] RobotDriverTest.TestNormalPassThrough

 1 FAILED TEST
-- run_test.py: return code 1
-- run_test.py: inject classname prefix into gtest result file '/root/workspace/rl-navibot/build/robot_world/test_results/robot_world/test_robot_driver.gtest.xml'
-- run_test.py: verify result file '/root/workspace/rl-navibot/build/robot_world/test_results/robot_world/test_robot_driver.gtest.xml'
<end of output>
Test time =   2.93 sec
----------------------------------------------------------
Test Failed.
"test_robot_driver" end time: Mar 29 17:46 UTC
"test_robot_driver" time elapsed: 00:00:02
----------------------------------------------------------

2/8 Testing: test_world_manager
2/8 Test: test_world_manager
Command: "/usr/bin/python3" "-u" "/opt/ros/humble/share/ament_cmake_test/cmake/run_test.py" "/root/workspace/rl-navibot/build/robot_world/test_results/robot_world/test_world_manager.gtest.xml" "--package-name" "robot_world" "--output-file" "/root/workspace/rl-navibot/build/robot_world/ament_cmake_gtest/test_world_manager.txt" "--command" "/root/workspace/rl-navibot/build/robot_world/test_world_manager" "--gtest_output=xml:/root/workspace/rl-navibot/build/robot_world/test_results/robot_world/test_world_manager.gtest.xml"
Directory: /root/workspace/rl-navibot/build/robot_world
"test_world_manager" start time: Mar 29 17:46 UTC
Output:
----------------------------------------------------------
-- run_test.py: invoking following command in '/root/workspace/rl-navibot/build/robot_world':
 - /root/workspace/rl-navibot/build/robot_world/test_world_manager --gtest_output=xml:/root/workspace/rl-navibot/build/robot_world/test_results/robot_world/test_world_manager.gtest.xml
Running main() from /opt/ros/humble/src/gtest_vendor/src/gtest_main.cc
[==========] Running 2 tests from 1 test suite.
[----------] Global test environment set-up.
[----------] 2 tests from WorldManagerTest
[ RUN      ] WorldManagerTest.TestResetServiceCall
[INFO] [1774806370.175330347] [world_manager]: World Manager Initialized.
[       OK ] WorldManagerTest.TestResetServiceCall (72 ms)
[ RUN      ] WorldManagerTest.TestParameterPassing
[INFO] [1774806370.238276392] [world_manager]: World Manager Initialized.
[       OK ] WorldManagerTest.TestParameterPassing (59 ms)
[----------] 2 tests from WorldManagerTest (131 ms total)

[----------] Global test environment tear-down
[==========] 2 tests from 1 test suite ran. (131 ms total)
[  PASSED  ] 2 tests.
-- run_test.py: return code 0
-- run_test.py: inject classname prefix into gtest result file '/root/workspace/rl-navibot/build/robot_world/test_results/robot_world/test_world_manager.gtest.xml'
-- run_test.py: verify result file '/root/workspace/rl-navibot/build/robot_world/test_results/robot_world/test_world_manager.gtest.xml'
<end of output>
Test time =   0.29 sec
----------------------------------------------------------
Test Passed.
"test_world_manager" end time: Mar 29 17:46 UTC
"test_world_manager" time elapsed: 00:00:00
----------------------------------------------------------

3/8 Testing: cppcheck
3/8 Test: cppcheck
Command: "/usr/bin/python3" "-u" "/opt/ros/humble/share/ament_cmake_test/cmake/run_test.py" "/root/workspace/rl-navibot/build/robot_world/test_results/robot_world/cppcheck.xunit.xml" "--package-name" "robot_world" "--output-file" "/root/workspace/rl-navibot/build/robot_world/ament_cppcheck/cppcheck.txt" "--command" "/opt/ros/humble/bin/ament_cppcheck" "--xunit-file" "/root/workspace/rl-navibot/build/robot_world/test_results/robot_world/cppcheck.xunit.xml" "--include_dirs" "/root/workspace/rl-navibot/src/execution/robot_world/include"
Directory: /root/workspace/rl-navibot/src/execution/robot_world
"cppcheck" start time: Mar 29 17:46 UTC
Output:
----------------------------------------------------------
-- run_test.py: invoking following command in '/root/workspace/rl-navibot/src/execution/robot_world':
 - /opt/ros/humble/bin/ament_cppcheck --xunit-file /root/workspace/rl-navibot/build/robot_world/test_results/robot_world/cppcheck.xunit.xml --include_dirs /root/workspace/rl-navibot/src/execution/robot_world/include
cppcheck 2.7 has known performance issues and therefore will not be used, set the AMENT_CPPCHECK_ALLOW_SLOW_VERSIONS environment variable to override this.
-- run_test.py: return code 0
-- run_test.py: verify result file '/root/workspace/rl-navibot/build/robot_world/test_results/robot_world/cppcheck.xunit.xml'
<end of output>
Test time =   0.14 sec
----------------------------------------------------------
Test Passed.
"cppcheck" end time: Mar 29 17:46 UTC
"cppcheck" time elapsed: 00:00:00
----------------------------------------------------------

4/8 Testing: flake8
4/8 Test: flake8
Command: "/usr/bin/python3" "-u" "/opt/ros/humble/share/ament_cmake_test/cmake/run_test.py" "/root/workspace/rl-navibot/build/robot_world/test_results/robot_world/flake8.xunit.xml" "--package-name" "robot_world" "--output-file" "/root/workspace/rl-navibot/build/robot_world/ament_flake8/flake8.txt" "--command" "/opt/ros/humble/bin/ament_flake8" "--xunit-file" "/root/workspace/rl-navibot/build/robot_world/test_results/robot_world/flake8.xunit.xml"
Directory: /root/workspace/rl-navibot/src/execution/robot_world
"flake8" start time: Mar 29 17:46 UTC
Output:
----------------------------------------------------------
-- run_test.py: invoking following command in '/root/workspace/rl-navibot/src/execution/robot_world':
 - /opt/ros/humble/bin/ament_flake8 --xunit-file /root/workspace/rl-navibot/build/robot_world/test_results/robot_world/flake8.xunit.xml
    robot_count = 2
    ^
1     F841 local variable 'robot_count' is assigned to but never used

./launch/multi_robot.launch.py:7:5: F841 local variable 'robot_count' is assigned to but never used


2 files checked
1 errors

'F'-type errors: 1

Checked files:

* ./launch/multi_robot.launch.py
* ./launch/bot_world_sim.launch.py
-- run_test.py: return code 1
-- run_test.py: verify result file '/root/workspace/rl-navibot/build/robot_world/test_results/robot_world/flake8.xunit.xml'
<end of output>
Test time =   0.24 sec
----------------------------------------------------------
Test Failed.
"flake8" end time: Mar 29 17:46 UTC
"flake8" time elapsed: 00:00:00
----------------------------------------------------------

5/8 Testing: lint_cmake
5/8 Test: lint_cmake
Command: "/usr/bin/python3" "-u" "/opt/ros/humble/share/ament_cmake_test/cmake/run_test.py" "/root/workspace/rl-navibot/build/robot_world/test_results/robot_world/lint_cmake.xunit.xml" "--package-name" "robot_world" "--output-file" "/root/workspace/rl-navibot/build/robot_world/ament_lint_cmake/lint_cmake.txt" "--command" "/opt/ros/humble/bin/ament_lint_cmake" "--xunit-file" "/root/workspace/rl-navibot/build/robot_world/test_results/robot_world/lint_cmake.xunit.xml"
Directory: /root/workspace/rl-navibot/src/execution/robot_world
"lint_cmake" start time: Mar 29 17:46 UTC
Output:
----------------------------------------------------------
-- run_test.py: invoking following command in '/root/workspace/rl-navibot/src/execution/robot_world':
 - /opt/ros/humble/bin/ament_lint_cmake --xunit-file /root/workspace/rl-navibot/build/robot_world/test_results/robot_world/lint_cmake.xunit.xml

No problems found
-- run_test.py: return code 0
-- run_test.py: verify result file '/root/workspace/rl-navibot/build/robot_world/test_results/robot_world/lint_cmake.xunit.xml'
<end of output>
Test time =   0.11 sec
----------------------------------------------------------
Test Passed.
"lint_cmake" end time: Mar 29 17:46 UTC
"lint_cmake" time elapsed: 00:00:00
----------------------------------------------------------

6/8 Testing: pep257
6/8 Test: pep257
Command: "/usr/bin/python3" "-u" "/opt/ros/humble/share/ament_cmake_test/cmake/run_test.py" "/root/workspace/rl-navibot/build/robot_world/test_results/robot_world/pep257.xunit.xml" "--package-name" "robot_world" "--output-file" "/root/workspace/rl-navibot/build/robot_world/ament_pep257/pep257.txt" "--command" "/opt/ros/humble/bin/ament_pep257" "--xunit-file" "/root/workspace/rl-navibot/build/robot_world/test_results/robot_world/pep257.xunit.xml"
Directory: /root/workspace/rl-navibot/src/execution/robot_world
"pep257" start time: Mar 29 17:46 UTC
Output:
----------------------------------------------------------
-- run_test.py: invoking following command in '/root/workspace/rl-navibot/src/execution/robot_world':
 - /opt/ros/humble/bin/ament_pep257 --xunit-file /root/workspace/rl-navibot/build/robot_world/test_results/robot_world/pep257.xunit.xml
checking ./launch/bot_world_sim.launch.py
checking ./launch/multi_robot.launch.py
No problems found
-- run_test.py: return code 0
-- run_test.py: verify result file '/root/workspace/rl-navibot/build/robot_world/test_results/robot_world/pep257.xunit.xml'
<end of output>
Test time =   0.17 sec
----------------------------------------------------------
Test Passed.
"pep257" end time: Mar 29 17:46 UTC
"pep257" time elapsed: 00:00:00
----------------------------------------------------------

7/8 Testing: uncrustify
7/8 Test: uncrustify
Command: "/usr/bin/python3" "-u" "/opt/ros/humble/share/ament_cmake_test/cmake/run_test.py" "/root/workspace/rl-navibot/build/robot_world/test_results/robot_world/uncrustify.xunit.xml" "--package-name" "robot_world" "--output-file" "/root/workspace/rl-navibot/build/robot_world/ament_uncrustify/uncrustify.txt" "--command" "/opt/ros/humble/bin/ament_uncrustify" "--xunit-file" "/root/workspace/rl-navibot/build/robot_world/test_results/robot_world/uncrustify.xunit.xml"
Directory: /root/workspace/rl-navibot/src/execution/robot_world
"uncrustify" start time: Mar 29 17:46 UTC
Output:
----------------------------------------------------------
-- run_test.py: invoking following command in '/root/workspace/rl-navibot/src/execution/robot_world':
 - /opt/ros/humble/bin/ament_uncrustify --xunit-file /root/workspace/rl-navibot/build/robot_world/test_results/robot_world/uncrustify.xunit.xml
No code style divergence in file 'include/robot_world/robot_driver.hpp'

No code style divergence in file 'include/robot_world/world_manager.hpp'

No code style divergence in file 'src/robot_driver.cpp'

No code style divergence in file 'src/robot_driver_main.cpp'

No code style divergence in file 'src/world_manager.cpp'

No code style divergence in file 'src/world_manager_main.cpp'

No code style divergence in file 'test/test_robot_driver.cpp'

No code style divergence in file 'test/test_world_manager.cpp'

No problems found
-- run_test.py: return code 0
-- run_test.py: verify result file '/root/workspace/rl-navibot/build/robot_world/test_results/robot_world/uncrustify.xunit.xml'
<end of output>
Test time =   0.19 sec
----------------------------------------------------------
Test Passed.
"uncrustify" end time: Mar 29 17:46 UTC
"uncrustify" time elapsed: 00:00:00
----------------------------------------------------------

8/8 Testing: xmllint
8/8 Test: xmllint
Command: "/usr/bin/python3" "-u" "/opt/ros/humble/share/ament_cmake_test/cmake/run_test.py" "/root/workspace/rl-navibot/build/robot_world/test_results/robot_world/xmllint.xunit.xml" "--package-name" "robot_world" "--output-file" "/root/workspace/rl-navibot/build/robot_world/ament_xmllint/xmllint.txt" "--command" "/opt/ros/humble/bin/ament_xmllint" "--xunit-file" "/root/workspace/rl-navibot/build/robot_world/test_results/robot_world/xmllint.xunit.xml"
Directory: /root/workspace/rl-navibot/src/execution/robot_world
"xmllint" start time: Mar 29 17:46 UTC
Output:
----------------------------------------------------------
-- run_test.py: invoking following command in '/root/workspace/rl-navibot/src/execution/robot_world':
 - /opt/ros/humble/bin/ament_xmllint --xunit-file /root/workspace/rl-navibot/build/robot_world/test_results/robot_world/xmllint.xunit.xml
File 'package.xml' is valid

No problems found
-- run_test.py: return code 0
-- run_test.py: verify result file '/root/workspace/rl-navibot/build/robot_world/test_results/robot_world/xmllint.xunit.xml'
<end of output>
Test time =   0.86 sec
----------------------------------------------------------
Test Passed.
"xmllint" end time: Mar 29 17:46 UTC
"xmllint" time elapsed: 00:00:00
----------------------------------------------------------

End testing: Mar 29 17:46 UTC

cppcheck =   0.14 sec*proc

flake8 =   0.24 sec*proc

gtest =   3.22 sec*proc

lint_cmake =   0.11 sec*proc

linter =   1.72 sec*proc

pep257 =   0.17 sec*proc

uncrustify =   0.19 sec*proc

xmllint =   0.86 sec*proc

